0 info it worked if it ends with ok
1 verbose cli [ 'C:\\Program Files\\nodejs\\node.exe',
1 verbose cli   'C:\\Program Files\\nodejs\\node_modules\\npm\\bin\\npm-cli.js',
1 verbose cli   'install',
1 verbose cli   '-g',
1 verbose cli   'fh-fhc' ]
2 info using npm@3.7.3
3 info using node@v5.8.0
4 silly loadCurrentTree Starting
5 silly install loadCurrentTree
6 silly install readGlobalPackageData
7 silly fetchPackageMetaData fh-fhc
8 silly fetchNamedPackageData fh-fhc
9 silly mapToRegistry name fh-fhc
10 silly mapToRegistry using default registry
11 silly mapToRegistry registry https://registry.npmjs.org/
12 silly mapToRegistry uri https://registry.npmjs.org/fh-fhc
13 verbose request uri https://registry.npmjs.org/fh-fhc
14 verbose request no auth needed
15 info attempt registry request try #1 at 10:57:30 AM
16 verbose request id 4f55ece16c59e113
17 http request GET https://registry.npmjs.org/fh-fhc
18 info retry will retry, error on last attempt: Error: tunneling socket could not be established, cause=read ECONNRESET
19 info attempt registry request try #2 at 10:58:23 AM
20 http request GET https://registry.npmjs.org/fh-fhc
21 info retry will retry, error on last attempt: Error: tunneling socket could not be established, cause=read ECONNRESET
22 info attempt registry request try #3 at 11:00:06 AM
23 http request GET https://registry.npmjs.org/fh-fhc
24 silly fetchPackageMetaData Error: tunneling socket could not be established, cause=read ECONNRESET
24 silly fetchPackageMetaData     at ClientRequest.onError (C:\Program Files\nodejs\node_modules\npm\node_modules\request\node_modules\tunnel-agent\index.js:176:17)
24 silly fetchPackageMetaData     at ClientRequest.g (events.js:273:16)
24 silly fetchPackageMetaData     at emitOne (events.js:90:13)
24 silly fetchPackageMetaData     at ClientRequest.emit (events.js:182:7)
24 silly fetchPackageMetaData     at TLSSocket.socketErrorListener (_http_client.js:295:9)
24 silly fetchPackageMetaData     at emitOne (events.js:90:13)
24 silly fetchPackageMetaData     at TLSSocket.emit (events.js:182:7)
24 silly fetchPackageMetaData     at emitErrorNT (net.js:1250:8)
24 silly fetchPackageMetaData     at _combinedTickCallback (node.js:377:13)
24 silly fetchPackageMetaData     at process._tickCallback (node.js:401:11)
24 silly fetchPackageMetaData  error for fh-fhc { [Error: tunneling socket could not be established, cause=read ECONNRESET] code: 'ECONNRESET' }
25 silly rollbackFailedOptional Starting
26 silly rollbackFailedOptional Finishing
27 silly runTopLevelLifecycles Starting
28 silly runTopLevelLifecycles Finishing
29 silly install printInstalled
30 verbose stack Error: tunneling socket could not be established, cause=read ECONNRESET
30 verbose stack     at ClientRequest.onError (C:\Program Files\nodejs\node_modules\npm\node_modules\request\node_modules\tunnel-agent\index.js:176:17)
30 verbose stack     at ClientRequest.g (events.js:273:16)
30 verbose stack     at emitOne (events.js:90:13)
30 verbose stack     at ClientRequest.emit (events.js:182:7)
30 verbose stack     at TLSSocket.socketErrorListener (_http_client.js:295:9)
30 verbose stack     at emitOne (events.js:90:13)
30 verbose stack     at TLSSocket.emit (events.js:182:7)
30 verbose stack     at emitErrorNT (net.js:1250:8)
30 verbose stack     at _combinedTickCallback (node.js:377:13)
30 verbose stack     at process._tickCallback (node.js:401:11)
31 verbose cwd C:\sanil\helloworld-app-master\helloworld-app-master
32 error Windows_NT 6.1.7601
33 error argv "C:\\Program Files\\nodejs\\node.exe" "C:\\Program Files\\nodejs\\node_modules\\npm\\bin\\npm-cli.js" "install" "-g" "fh-fhc"
34 error node v5.8.0
35 error npm  v3.7.3
36 error code ECONNRESET
37 error network tunneling socket could not be established, cause=read ECONNRESET
38 error network This is most likely not a problem with npm itself
38 error network and is related to network connectivity.
38 error network In most cases you are behind a proxy or have bad network settings.
38 error network
38 error network If you are behind a proxy, please make sure that the
38 error network 'proxy' config is set properly.  See: 'npm help config'
39 verbose exit [ 1, true ]
